epoch,accuracy,loss,lr,val_accuracy,val_loss
0,0.3342991769313812,1.7372223138809204,1e-04,0.1741071492433548,2.0116734504699707
1,0.42244720458984375,1.5240627527236938,1e-04,0.4388950765132904,1.4734227657318115
2,0.4596264660358429,1.42633855342865,1e-04,0.4267578125,1.516510248184204
3,0.49006807804107666,1.3582079410552979,1e-04,0.4510323703289032,1.4892741441726685
4,0.5075929760932922,1.3125059604644775,1e-04,0.4768415093421936,1.4209777116775513
5,0.5170884728431702,1.2797566652297974,1e-04,0.5170201063156128,1.2716280221939087
6,0.5321347713470459,1.2479403018951416,1e-04,0.51953125,1.2887777090072632
7,0.5431663393974304,1.2189812660217285,1e-04,0.5234375,1.2508643865585327
8,0.5502181649208069,1.1993443965911865,1e-04,0.5330635905265808,1.2557309865951538
9,0.5624716281890869,1.177571177482605,1e-04,0.5326451063156128,1.2808979749679565
10,0.5674986839294434,1.1591124534606934,1e-04,0.544921875,1.2695573568344116
11,0.5742014050483704,1.1397677659988403,1e-04,0.5503627061843872,1.1905410289764404
12,0.5813928842544556,1.1202502250671387,1e-04,0.5372489094734192,1.216712236404419
13,0.5898062586784363,1.1058658361434937,1e-04,0.5276227593421936,1.2883330583572388
14,0.5922848582267761,1.0938104391098022,1e-04,0.5493861436843872,1.2455828189849854
15,0.5978704690933228,1.0831328630447388,1e-04,0.5343192219734192,1.2966556549072266
16,0.6002443432807922,1.0660399198532104,1e-04,0.5768694281578064,1.1519505977630615
17,0.6055856347084045,1.0601903200149536,1e-04,0.5594307780265808,1.2160392999649048
18,0.6123232841491699,1.0443881750106812,1e-04,0.5797991156578064,1.1595734357833862
19,0.6170012354850769,1.03544020652771,1e-04,0.5645926594734192,1.2510517835617065
20,0.620980978012085,1.027631402015686,1e-04,0.5863560438156128,1.1342642307281494
21,0.6282771825790405,1.0153504610061646,1e-04,0.5789620280265808,1.1372981071472168
22,0.6297783255577087,1.003040075302124,1e-04,0.5964006781578064,1.0883597135543823
23,0.6317682266235352,0.9962942600250244,1e-04,0.6000279188156128,1.1502689123153687
24,0.6342816948890686,0.9890745282173157,1e-04,0.5943080186843872,1.1108667850494385
25,0.6377727389335632,0.9819993376731873,1e-04,0.6063057780265808,1.0687987804412842
26,0.6421015858650208,0.9673762917518616,1e-04,0.607421875,1.0904597043991089
27,0.6463955044746399,0.960115909576416,1e-04,0.6071428656578064,1.0778995752334595
28,0.6515622138977051,0.949731707572937,1e-04,0.6015625,1.1063061952590942
29,0.6558910608291626,0.9391728639602661,1e-04,0.5923548936843872,1.1362258195877075
30,0.6592773795127869,0.9314590096473694,1e-04,0.5986328125,1.112629771232605
31,0.6608133912086487,0.9237273335456848,1e-04,0.6075614094734192,1.0878047943115234
32,0.6622447371482849,0.9207092523574829,1e-04,0.6057477593421936,1.1120431423187256
33,0.6673765182495117,0.908508837223053,1e-04,0.6162109375,1.0694079399108887
34,0.6724035739898682,0.8981034755706787,1e-04,0.6090959906578064,1.099270224571228
35,0.671146810054779,0.8904420137405396,1e-04,0.6192801594734192,1.0257948637008667
36,0.6747076511383057,0.8863667845726013,1e-04,0.6277901530265808,1.0343023538589478
37,0.6826671361923218,0.87701416015625,1e-04,0.6159319281578064,1.0741971731185913
38,0.6796299815177917,0.8723429441452026,1e-04,0.609375,1.107054591178894
39,0.688148021697998,0.8586047291755676,1e-04,0.6086774468421936,1.0569541454315186
40,0.6916041374206543,0.8552848696708679,1e-04,0.6279296875,1.0440492630004883
41,0.6913946866989136,0.8501981496810913,1e-04,0.6061663031578064,1.1416082382202148
42,0.6953395009040833,0.8398516178131104,1e-04,0.6280692219734192,1.04194176197052
43,0.7008203864097595,0.8285896182060242,1e-04,0.6388114094734192,1.0088409185409546
44,0.7023215293884277,0.8270538449287415,1e-04,0.6304408311843872,1.0659326314926147
45,0.7046256065368652,0.8150473237037659,1e-04,0.6224888563156128,1.0809699296951294
46,0.703124463558197,0.8146060705184937,1e-04,0.6434151530265808,1.0029661655426025
47,0.7112933993339539,0.8028571605682373,1e-04,0.6307198405265808,1.0550440549850464
48,0.7101702094078064,0.7986176609992981,1e-04,0.6344866156578064,1.0643353462219238
49,0.7113283276557922,0.7914506196975708,1e-04,0.6248604655265808,1.0481350421905518
50,0.7132135033607483,0.7848294377326965,1e-04,0.6194196343421936,1.0817170143127441
51,0.7199860215187073,0.775962233543396,1e-04,0.6407645344734192,1.0231367349624634
52,0.7269331216812134,0.7650940418243408,1e-04,0.6343470811843872,1.0599949359893799
53,0.7391865849494934,0.7337220311164856,2e-05,0.6566685438156128,0.9711264371871948
54,0.7466224431991577,0.719214916229248,2e-05,0.6535993218421936,0.9811428189277649
55,0.7469017505645752,0.7134686708450317,2e-05,0.6569475531578064,0.9632981419563293
56,0.7498341798782349,0.7051218152046204,2e-05,0.6572265625,0.9678848385810852
57,0.7507767677307129,0.7080289721488953,2e-05,0.6625279188156128,0.9647659659385681
58,0.7514051198959351,0.6986103057861328,2e-05,0.6559709906578064,0.965604305267334
59,0.7524873614311218,0.6989149451255798,2e-05,0.6607142686843872,0.9674009084701538
60,0.7559085488319397,0.6971048712730408,2e-05,0.6563895344734192,0.967147946357727
61,0.7532902956008911,0.6961153745651245,2e-05,0.6534598469734192,0.9814009666442871
62,0.7530109882354736,0.6928945779800415,2e-05,0.6605747938156128,0.9686797261238098
63,0.7620876431465149,0.6908222436904907,2e-05,0.658203125,0.9664753675460815
64,0.7637633085250854,0.6791253089904785,4e-06,0.6611328125,0.9608110189437866
65,0.7627858519554138,0.6772559285163879,4e-06,0.6612723469734192,0.9594954252243042
66,0.7639727592468262,0.6767383217811584,4e-06,0.6611328125,0.9620758295059204
67,0.7661721110343933,0.6753569841384888,4e-06,0.6605747938156128,0.9605985283851624
68,0.7661721110343933,0.6732128858566284,4e-06,0.6626673936843872,0.9576534032821655
69,0.7647058963775635,0.6763606071472168,4e-06,0.6615513563156128,0.9573993682861328
70,0.7643917202949524,0.6767311096191406,4e-06,0.6626673936843872,0.9602713584899902
71,0.7657532095909119,0.6706646680831909,4e-06,0.6618303656578064,0.9587435126304626
72,0.7645313143730164,0.6747940182685852,4e-06,0.6616908311843872,0.9595996737480164
73,0.7628556489944458,0.6777251958847046,4e-06,0.6605747938156128,0.9594454169273376
74,0.7657880783081055,0.6743708848953247,4e-06,0.6611328125,0.9606549143791199
75,0.7668353915214539,0.6710103750228882,8e-07,0.6618303656578064,0.9591588973999023
76,0.7657182812690735,0.6739727854728699,8e-07,0.6600167155265808,0.9589537382125854
77,0.7637283802032471,0.6694545149803162,8e-07,0.6604352593421936,0.9597254395484924
78,0.7686856389045715,0.666991651058197,8e-07,0.6609932780265808,0.9591617584228516
79,0.7677081227302551,0.6677982211112976,8e-07,0.6616908311843872,0.9593081474304199
80,0.7692791223526001,0.6691336035728455,8e-07,0.6612723469734192,0.9601625204086304
81,0.7677430510520935,0.665256917476654,1.6e-07,0.662109375,0.9591718912124634
82,0.7672892212867737,0.6686167120933533,1.6e-07,0.6609932780265808,0.9576391577720642
83,0.7696630954742432,0.6654376983642578,1.6e-07,0.6623883843421936,0.9589329361915588
84,0.7688950896263123,0.6671181321144104,1.6e-07,0.6612723469734192,0.9591923952102661
85,0.7642869353294373,0.6696574091911316,1.6e-07,0.6615513563156128,0.9587963223457336
86,0.7669750452041626,0.6672608852386475,1.6e-07,0.6616908311843872,0.9583796262741089
87,0.7686158418655396,0.6645352244377136,3.2e-08,0.6616908311843872,0.9575316309928894
88,0.7667655944824219,0.6696255207061768,3.2e-08,0.6629464030265808,0.9589787721633911
89,0.7672892212867737,0.6705449223518372,3.2e-08,0.6615513563156128,0.9577233195304871
90,0.767009973526001,0.6678460836410522,3.2e-08,0.6616908311843872,0.959004282951355
91,0.7683365345001221,0.666262149810791,3.2e-08,0.6629464030265808,0.959263026714325
92,0.7674986720085144,0.6690191626548767,3.2e-08,0.6623883843421936,0.9590016007423401
93,0.7700121998786926,0.6664610505104065,3.2e-08,0.6618303656578064,0.958616316318512
94,0.7648804187774658,0.6709002256393433,3.2e-08,0.6612723469734192,0.9601846933364868
95,0.7708500623703003,0.6615119576454163,6.3999996e-09,0.6630859375,0.9586626291275024
96,0.7683365345001221,0.6665441393852234,6.3999996e-09,0.6628069281578064,0.9586220383644104
97,0.7701867818832397,0.6625950932502747,6.3999996e-09,0.6626673936843872,0.9578255414962769
98,0.7665910124778748,0.6700104475021362,6.3999996e-09,0.6612723469734192,0.9597075581550598
99,0.7691743969917297,0.6674368977546692,6.3999996e-09,0.6628069281578064,0.9581066370010376
100,0.7642520666122437,0.6681685447692871,6.3999996e-09,0.6622489094734192,0.9599436521530151
101,0.765438973903656,0.6669809818267822,6.3999996e-09,0.6622489094734192,0.9586332440376282
102,0.7697678208351135,0.6663291454315186,1.2799999e-09,0.6618303656578064,0.9578573107719421
103,0.7718624472618103,0.6635448336601257,1.2799999e-09,0.6619698405265808,0.9593477845191956
104,0.7666259407997131,0.6691334843635559,1.2799999e-09,0.6628069281578064,0.9578408598899841
105,0.7652295231819153,0.6694934964179993,1.2799999e-09,0.662109375,0.9582182765007019
106,0.7672892212867737,0.6697587370872498,1.2799999e-09,0.6625279188156128,0.9594120979309082
107,0.7698027491569519,0.6676546335220337,1.2799999e-09,0.6626673936843872,0.9593401551246643
108,0.7681270837783813,0.6664188504219055,2.5599997e-10,0.6619698405265808,0.9604174494743347
109,0.7681620121002197,0.6682578325271606,2.5599997e-10,0.6628069281578064,0.9588790535926819
110,0.7695583701133728,0.6656082272529602,2.5599997e-10,0.6602957844734192,0.9596580862998962
111,0.7662768363952637,0.6658191680908203,2.5599997e-10,0.6629464030265808,0.9577623605728149
112,0.7687903642654419,0.6689565777778625,2.5599997e-10,0.6612723469734192,0.9593130350112915
113,0.7693489193916321,0.6643330454826355,2.5599997e-10,0.6629464030265808,0.9590829014778137
114,0.7715482711791992,0.6630894541740417,5.1199996e-11,0.6622489094734192,0.9591097831726074
115,0.7664164900779724,0.6664841771125793,5.1199996e-11,0.6618303656578064,0.958858847618103
116,0.7686856389045715,0.6693743467330933,5.1199996e-11,0.6612723469734192,0.9591666460037231
117,0.7662070393562317,0.6703770756721497,5.1199996e-11,0.6622489094734192,0.9586247205734253
118,0.7695235013961792,0.6650801301002502,5.1199996e-11,0.6609932780265808,0.9603857398033142
119,0.769034743309021,0.667750358581543,5.1199996e-11,0.6623883843421936,0.957796573638916
120,0.7666957378387451,0.6667817234992981,1.0239999e-11,0.6616908311843872,0.9589076042175293
121,0.766451358795166,0.667174220085144,1.0239999e-11,0.6630859375,0.9590672254562378
122,0.769104540348053,0.669265627861023,1.0239999e-11,0.6628069281578064,0.9578629732131958
123,0.7676033973693848,0.6683599948883057,1.0239999e-11,0.662109375,0.9592779278755188
124,0.7653342485427856,0.6717145442962646,1.0239999e-11,0.6618303656578064,0.9599407315254211
125,0.769034743309021,0.6686612963676453,1.0239999e-11,0.6626673936843872,0.9589028358459473
126,0.770675539970398,0.6651795506477356,2.0479998e-12,0.6614118218421936,0.9588893055915833
127,0.7686856389045715,0.6653817892074585,2.0479998e-12,0.6623883843421936,0.9588354825973511
128,0.7685809135437012,0.6668844223022461,2.0479998e-12,0.6635044813156128,0.9579404592514038
129,0.764426589012146,0.6745606660842896,2.0479998e-12,0.6616908311843872,0.959506630897522
130,0.7661371827125549,0.6682860255241394,2.0479998e-12,0.6616908311843872,0.9596605896949768
131,0.7678477764129639,0.6685284972190857,2.0479998e-12,0.6614118218421936,0.9589701890945435
132,0.7666608691215515,0.6695994734764099,2.0479998e-12,0.6623883843421936,0.9600574374198914
133,0.7682318091392517,0.6681343913078308,2.0479998e-12,0.6619698405265808,0.9591361284255981
134,0.7670448422431946,0.6673853397369385,2.0479998e-12,0.6619698405265808,0.9582778215408325
135,0.7677081227302551,0.6645243167877197,4.0959995e-13,0.662109375,0.9591862559318542
136,0.7658579349517822,0.6672160029411316,4.0959995e-13,0.6615513563156128,0.9596241116523743
137,0.768092155456543,0.6709402799606323,4.0959995e-13,0.662109375,0.9597020745277405
138,0.7651945948600769,0.675467848777771,4.0959995e-13,0.6615513563156128,0.9580273628234863
139,0.7662768363952637,0.6685320138931274,4.0959995e-13,0.6629464030265808,0.9579941630363464
140,0.7661371827125549,0.6692436337471008,4.0959995e-13,0.6612723469734192,0.9603405594825745
141,0.7657532095909119,0.6714595556259155,8.191999e-14,0.6622489094734192,0.9582676887512207
142,0.7695583701133728,0.6654012799263,8.191999e-14,0.6628069281578064,0.9593921899795532
143,0.7641473412513733,0.669022262096405,8.191999e-14,0.6619698405265808,0.9580573439598083
144,0.7695583701133728,0.6698868274688721,8.191999e-14,0.6607142686843872,0.9598612785339355
145,0.7683714628219604,0.666548490524292,8.191999e-14,0.6623883843421936,0.9588834643363953
146,0.7663466334342957,0.6686954498291016,8.191999e-14,0.6630859375,0.9583545923233032
147,0.7688252925872803,0.6676769852638245,1.6383999e-14,0.6622489094734192,0.9578284621238708
148,0.7650200724601746,0.6704058051109314,1.6383999e-14,0.6626673936843872,0.9575939774513245
149,0.7666957378387451,0.6663779020309448,1.6383999e-14,0.662109375,0.958625316619873
