epoch,accuracy,loss,lr,val_accuracy,val_loss
0,0.2518415153026581,4.36991548538208,1e-04,0.2216796875,5.412087440490723
1,0.296875536441803,3.629145383834839,1e-04,0.3815569281578064,3.2092669010162354
2,0.33010995388031006,3.0854644775390625,1e-04,0.3941127359867096,2.733320474624634
3,0.35322046279907227,2.65743088722229,1e-04,0.4284319281578064,2.3680520057678223
4,0.38257986307144165,2.3198859691619873,1e-04,0.4654017984867096,2.027285099029541
5,0.4130214750766754,2.0591626167297363,1e-04,0.4822823703289032,1.8197667598724365
6,0.441927045583725,1.8592473268508911,1e-04,0.5150669813156128,1.6252195835113525
7,0.46901726722717285,1.7081239223480225,1e-04,0.5341796875,1.4916476011276245
8,0.48601850867271423,1.5952006578445435,1e-04,0.5355747938156128,1.4395021200180054
9,0.5066852569580078,1.5088918209075928,1e-04,0.5573381781578064,1.3496891260147095
10,0.516460120677948,1.448006272315979,1e-04,0.5467354655265808,1.3536341190338135
11,0.528713583946228,1.3924486637115479,1e-04,0.5750557780265808,1.2495826482772827
12,0.5358701348304749,1.3527952432632446,1e-04,0.5832868218421936,1.2306795120239258
13,0.5433757901191711,1.3235751390457153,1e-04,0.5825892686843872,1.2089399099349976
14,0.5512654781341553,1.285253643989563,1e-04,0.5792410969734192,1.2070398330688477
15,0.5575144290924072,1.2688976526260376,1e-04,0.5916573405265808,1.1619987487792969
16,0.5606213808059692,1.24973464012146,1e-04,0.5897042155265808,1.173066258430481
17,0.5672194361686707,1.2373936176300049,1e-04,0.5984932780265808,1.1492799520492554
18,0.5722813606262207,1.2199465036392212,1e-04,0.6135602593421936,1.112975001335144
19,0.5774829983711243,1.2033002376556396,1e-04,0.6063057780265808,1.1118792295455933
20,0.5789841413497925,1.189658284187317,1e-04,0.6173270344734192,1.0931308269500732
21,0.5873276591300964,1.1758406162261963,1e-04,0.6174665093421936,1.0816367864608765
22,0.5922150611877441,1.1626615524291992,1e-04,0.6188616156578064,1.096522331237793
23,0.5913771986961365,1.15688157081604,1e-04,0.5989118218421936,1.1305630207061768
24,0.5973119139671326,1.1462668180465698,1e-04,0.6192801594734192,1.0809060335159302
25,0.6056903600692749,1.1343419551849365,1e-04,0.6128627061843872,1.094661831855774
26,0.6029324531555176,1.1304470300674438,1e-04,0.6181640625,1.0896871089935303
27,0.605934739112854,1.121113896369934,1e-04,0.6156529188156128,1.0965217351913452
28,0.6119392514228821,1.107711911201477,1e-04,0.6276506781578064,1.0660035610198975
29,0.6074707508087158,1.1076956987380981,1e-04,0.6326729655265808,1.05208420753479
30,0.6181881427764893,1.0916460752487183,1e-04,0.6247209906578064,1.0727072954177856
31,0.61738520860672,1.0908077955245972,1e-04,0.6231864094734192,1.0750330686569214
32,0.6168266534805298,1.085721731185913,1e-04,0.6208147406578064,1.0719640254974365
33,0.622307538986206,1.077134132385254,1e-04,0.6309989094734192,1.051792025566101
34,0.6265665888786316,1.0735362768173218,1e-04,0.63671875,1.0446184873580933
35,0.6334438920021057,1.0662624835968018,1e-04,0.6453682780265808,1.0314089059829712
36,0.6307907104492188,1.0642004013061523,1e-04,0.6424385905265808,1.0224575996398926
37,0.6351195573806763,1.0517791509628296,1e-04,0.6416015625,1.0235711336135864
38,0.633374035358429,1.0485414266586304,1e-04,0.6404854655265808,1.0409642457962036
39,0.6370396018028259,1.0447524785995483,1e-04,0.6376953125,1.0499879121780396
40,0.6404607892036438,1.0346165895462036,1e-04,0.638671875,1.046850562095642
41,0.6424157619476318,1.0316646099090576,1e-04,0.6456473469734192,1.0281635522842407
42,0.6439169049263,1.025354027748108,1e-04,0.638671875,1.050986647605896
43,0.6432186961174011,1.0224133729934692,1e-04,0.6480189561843872,1.0157392024993896
44,0.6464653611183167,1.0210785865783691,1e-04,0.6482979655265808,1.026842713356018
45,0.6489788889884949,1.017978310585022,1e-04,0.6388114094734192,1.0651652812957764
46,0.6474079489707947,1.0171637535095215,1e-04,0.6453682780265808,1.0351766347885132
47,0.6486297845840454,1.0100454092025757,1e-04,0.6484375,1.0404654741287231
48,0.6498516201972961,1.0059553384780884,1e-04,0.6552734375,1.0267101526260376
49,0.654983401298523,0.9997876882553101,1e-04,0.6517857313156128,1.0200159549713135
50,0.6548437476158142,1.00242280960083,1e-04,0.6534598469734192,1.0130449533462524
51,0.6585791707038879,0.9895639419555664,1e-04,0.6510881781578064,1.0254942178726196
52,0.6587536931037903,0.9882110953330994,1e-04,0.6558314561843872,1.0124434232711792
53,0.6620352864265442,0.9853366017341614,1e-04,0.6389508843421936,1.0769715309143066
54,0.6611624956130981,0.9834234714508057,1e-04,0.6448102593421936,1.0491563081741333
55,0.6660848259925842,0.972091555595398,1e-04,0.6517857313156128,1.0272380113601685
56,0.6618257761001587,0.9765028953552246,1e-04,0.6443917155265808,1.0411847829818726
57,0.6653168201446533,0.9700234532356262,1e-04,0.6510881781578064,1.0387980937957764
58,0.6669226884841919,0.9728334546089172,1e-04,0.6561104655265808,1.0271613597869873
59,0.6685285568237305,0.9687057733535767,1e-04,0.6513671875,1.0302724838256836
60,0.6660848259925842,0.9638116955757141,1e-04,0.6545758843421936,1.0169962644577026
61,0.6705882549285889,0.9535858035087585,1e-04,0.6591796875,1.010387659072876
62,0.6716355681419373,0.9504242539405823,1e-04,0.6509486436843872,1.0326961278915405
63,0.6716006398200989,0.9535974264144897,1e-04,0.6568080186843872,1.0260268449783325
64,0.6736603379249573,0.9496426582336426,1e-04,0.6595982313156128,1.0244940519332886
65,0.6742538213729858,0.9478396773338318,1e-04,0.66015625,1.0197174549102783
66,0.6786524653434753,0.9413647055625916,1e-04,0.6602957844734192,1.0148262977600098
67,0.6794204711914062,0.9416029453277588,1e-04,0.6545758843421936,1.0430916547775269
68,0.6806074380874634,0.9338618516921997,1e-04,0.6526227593421936,1.0218993425369263
69,0.6789666414260864,0.9344984292984009,1e-04,0.6643415093421936,1.0384670495986938
70,0.6810263395309448,0.9292029738426208,1e-04,0.6499720811843872,1.0703002214431763
71,0.6875545382499695,0.9233525991439819,1e-04,0.6598772406578064,1.0304877758026123
72,0.6834351420402527,0.9301416873931885,1e-04,0.6706194281578064,1.010135293006897
73,0.6862977743148804,0.9245792627334595,1e-04,0.6685267686843872,1.0101768970489502
74,0.6877291202545166,0.9191610813140869,1e-04,0.65625,1.0371187925338745
75,0.6877639889717102,0.9162374138832092,1e-04,0.6632254719734192,1.0175963640213013
76,0.6883574724197388,0.9152978658676147,1e-04,0.6586216688156128,1.0409728288650513
77,0.6886018514633179,0.9158221483230591,1e-04,0.6678292155265808,1.0075165033340454
78,0.6913248300552368,0.9066810011863708,1e-04,0.6566685438156128,1.06464421749115
79,0.7091639041900635,0.866658091545105,2e-05,0.6750836968421936,0.9975775480270386
80,0.7148193120956421,0.849111795425415,2e-05,0.6710379719734192,1.020979642868042
81,0.7139116525650024,0.841370701789856,2e-05,0.6736885905265808,1.0052704811096191
82,0.7178565263748169,0.8364154100418091,2e-05,0.6766182780265808,0.9940702319145203
83,0.7177518010139465,0.836739182472229,2e-05,0.6770368218421936,0.9959564805030823
84,0.7203351259231567,0.8270795941352844,2e-05,0.6725725531578064,1.0159717798233032
85,0.7244545221328735,0.8199576735496521,2e-05,0.6806640625,0.9898286461830139
86,0.7183103561401367,0.8298241496086121,2e-05,0.6778739094734192,0.9977315068244934
87,0.7233374118804932,0.8196008801460266,2e-05,0.6763392686843872,0.9991028904914856
88,0.7277360558509827,0.8101767897605896,2e-05,0.6784319281578064,0.9925408363342285
89,0.7216966152191162,0.8189792633056641,2e-05,0.6803850531578064,0.9827097058296204
90,0.7259207367897034,0.8099631667137146,2e-05,0.6778739094734192,0.9933921694755554
91,0.7252923846244812,0.8051498532295227,2e-05,0.6801060438156128,0.9956691861152649
92,0.734089732170105,0.8000174164772034,4e-06,0.6813616156578064,0.9885677695274353
93,0.7297957539558411,0.7938661575317383,4e-06,0.6805245280265808,0.9828500747680664
94,0.7322744131088257,0.7965776920318604,4e-06,0.6810826063156128,0.9860175251960754
95,0.7312270998954773,0.7973782420158386,4e-06,0.6819196343421936,0.9819361567497253
96,0.7286786437034607,0.7949090003967285,4e-06,0.6808035969734192,0.9855570793151855
97,0.7326583862304688,0.789303183555603,4e-06,0.6798270344734192,0.9854789972305298
98,0.7307034134864807,0.7936822772026062,4e-06,0.6808035969734192,0.9797967672348022
99,0.7314714789390564,0.7972380518913269,4e-06,0.6809430718421936,0.978664219379425
100,0.7321696877479553,0.787317156791687,4e-06,0.6794084906578064,0.9817252159118652
101,0.737057089805603,0.7827029228210449,4e-06,0.6821986436843872,0.9787265658378601
102,0.7367079854011536,0.7859157919883728,4e-06,0.681640625,0.9820631146430969
103,0.7341944575309753,0.7884878516197205,4e-06,0.6792689561843872,0.9871301054954529
104,0.7325536608695984,0.7872714996337891,4e-06,0.681640625,0.9842395186424255
105,0.7327631115913391,0.7833966016769409,4e-06,0.6828961968421936,0.9833666682243347
106,0.7352417707443237,0.7818498611450195,4e-06,0.6820591688156128,0.9869624376296997
107,0.7346832156181335,0.786811888217926,4e-06,0.6815010905265808,0.9889000654220581
108,0.7363938093185425,0.7809089422225952,4e-06,0.6823381781578064,0.9835330843925476
109,0.7332518696784973,0.7791181802749634,4e-06,0.6801060438156128,0.9921966195106506
110,0.7342642545700073,0.7825129628181458,4e-06,0.6823381781578064,0.9878106117248535
111,0.7355559468269348,0.7839285135269165,4e-06,0.6841517686843872,0.9893964529037476
112,0.7375109195709229,0.7795056104660034,4e-06,0.6852678656578064,0.983781635761261
113,0.7337755560874939,0.784930408000946,4e-06,0.6838727593421936,0.9889445304870605
114,0.734159529209137,0.7817797660827637,4e-06,0.6856864094734192,0.9803532361984253
115,0.7367777824401855,0.7763102650642395,4e-06,0.6852678656578064,0.9770919680595398
116,0.7402338981628418,0.7725329995155334,4e-06,0.6838727593421936,0.9832314252853394
117,0.7390469312667847,0.7727888822555542,4e-06,0.6826171875,0.9825993776321411
118,0.7396753430366516,0.7720807790756226,4e-06,0.6837332844734192,0.9840344190597534
119,0.7362192273139954,0.7780482769012451,4e-06,0.6841517686843872,0.9799914956092834
120,0.7363588809967041,0.7785130143165588,4e-06,0.6840122938156128,0.9850656390190125
121,0.7370919585227966,0.7767587900161743,8e-07,0.6847098469734192,0.9786726832389832
122,0.7405830025672913,0.76678466796875,8e-07,0.6838727593421936,0.9818165898323059
123,0.7382091283798218,0.7696211338043213,8e-07,0.6826171875,0.9821680784225464
124,0.7376854419708252,0.7763545513153076,8e-07,0.6845703125,0.9813672304153442
125,0.7422237992286682,0.7692593336105347,8e-07,0.6834542155265808,0.9806198477745056
126,0.735171914100647,0.7744364738464355,8e-07,0.6844307780265808,0.9814097285270691
127,0.7389771342277527,0.7657186388969421,1.6e-07,0.6841517686843872,0.9810171127319336
128,0.7356257438659668,0.771979033946991,1.6e-07,0.6840122938156128,0.9822683334350586
129,0.740862250328064,0.7677625417709351,1.6e-07,0.6837332844734192,0.9819566011428833
130,0.740792453289032,0.765789270401001,1.6e-07,0.6847098469734192,0.9803808927536011
131,0.7420492172241211,0.7726297974586487,1.6e-07,0.6837332844734192,0.9827590584754944
132,0.7394309639930725,0.7721683979034424,1.6e-07,0.6842913031578064,0.9817675352096558
133,0.7421888709068298,0.7723409533500671,3.2e-08,0.6842913031578064,0.981727123260498
134,0.7432012557983398,0.7687711119651794,3.2e-08,0.68359375,0.9814710021018982
135,0.7417001128196716,0.7670853137969971,3.2e-08,0.6840122938156128,0.9812355637550354
136,0.7440739870071411,0.7672841548919678,3.2e-08,0.6840122938156128,0.9811291098594666
137,0.7386978268623352,0.7676312327384949,3.2e-08,0.6840122938156128,0.9821052551269531
138,0.7418746948242188,0.7744638323783875,3.2e-08,0.6844307780265808,0.9816328287124634
139,0.7425379753112793,0.7704740762710571,6.3999996e-09,0.6838727593421936,0.9819397926330566
140,0.7375109195709229,0.7730463147163391,6.3999996e-09,0.6844307780265808,0.979774534702301
141,0.7422935962677002,0.7694891095161438,6.3999996e-09,0.6841517686843872,0.9819524884223938
142,0.7433409094810486,0.7655614018440247,6.3999996e-09,0.6833147406578064,0.9836376309394836
143,0.7394309639930725,0.7692896723747253,6.3999996e-09,0.6842913031578064,0.9824190139770508
144,0.7396753430366516,0.7700168490409851,6.3999996e-09,0.6840122938156128,0.9819228053092957
145,0.7393262386322021,0.7727088332176208,1.2799999e-09,0.6844307780265808,0.9807852506637573
146,0.7419444918632507,0.7679879069328308,1.2799999e-09,0.6842913031578064,0.9814957976341248
147,0.7412113547325134,0.7701015472412109,1.2799999e-09,0.6840122938156128,0.9814397096633911
148,0.7390469312667847,0.775235652923584,1.2799999e-09,0.6841517686843872,0.9816049337387085
149,0.7405830025672913,0.774217426776886,1.2799999e-09,0.68359375,0.9828256964683533
