epoch,accuracy,loss,lr,val_accuracy,val_loss
0,0.2857690751552582,6.068794250488281,1e-04,0.3758370578289032,4.2033867835998535
1,0.3776894509792328,3.2689123153686523,1e-04,0.4522879421710968,2.4648990631103516
2,0.4401088058948517,2.16217303276062,1e-04,0.4988839328289032,1.825587272644043
3,0.48090803623199463,1.745457410812378,1e-04,0.4963727593421936,1.6438802480697632
4,0.49823901057243347,1.5744919776916504,1e-04,0.5583147406578064,1.3932253122329712
5,0.518708348274231,1.4710819721221924,1e-04,0.5588727593421936,1.3238495588302612
6,0.5346444845199585,1.4068193435668945,1e-04,0.5717076063156128,1.3038429021835327
7,0.5423161387443542,1.362748384475708,1e-04,0.5867745280265808,1.246829867362976
8,0.553161084651947,1.3245426416397095,1e-04,0.5920758843421936,1.2217119932174683
9,0.5609722137451172,1.3046176433563232,1e-04,0.6015625,1.2036992311477661
10,0.5642849802970886,1.2889373302459717,1e-04,0.6018415093421936,1.1964324712753296
11,0.5746417045593262,1.2618484497070312,1e-04,0.6001673936843872,1.1847416162490845
12,0.5792098045349121,1.2469754219055176,1e-04,0.6185826063156128,1.1589969396591187
13,0.5859399437904358,1.2335149049758911,1e-04,0.6046317219734192,1.1702359914779663
14,0.5851030349731445,1.2279540300369263,1e-04,0.619140625,1.1471481323242188
15,0.5878927111625671,1.2208575010299683,1e-04,0.5775669813156128,1.2632867097854614
16,0.5949018597602844,1.2085280418395996,1e-04,0.6319754719734192,1.1245182752609253
17,0.5966105461120605,1.1909074783325195,1e-04,0.6219307780265808,1.1467641592025757
18,0.6000627875328064,1.189751148223877,1e-04,0.6325334906578064,1.125618577003479
19,0.6088154315948486,1.1727694272994995,1e-04,0.6255580186843872,1.1375380754470825
20,0.6076647043228149,1.1686550378799438,1e-04,0.6177455186843872,1.156124234199524
21,0.61076819896698,1.1629127264022827,1e-04,0.6400669813156128,1.0995253324508667
22,0.6115702390670776,1.1608458757400513,1e-04,0.6515067219734192,1.086388349533081
23,0.6151270866394043,1.152176022529602,1e-04,0.6431361436843872,1.095639705657959
24,0.6173588633537292,1.1481512784957886,1e-04,0.6414620280265808,1.1014395952224731
25,0.6196603775024414,1.1394217014312744,1e-04,0.6303013563156128,1.1328003406524658
26,0.6204624176025391,1.1378108263015747,1e-04,0.6305803656578064,1.13517427444458
27,0.6258325576782227,1.1280479431152344,1e-04,0.6417410969734192,1.0921145677566528
28,0.6258325576782227,1.1262915134429932,1e-04,0.6400669813156128,1.0932894945144653
29,0.6471737027168274,1.0675264596939087,2e-05,0.66015625,1.052920937538147
30,0.652369499206543,1.0461132526397705,2e-05,0.6626673936843872,1.0472091436386108
31,0.6560309529304504,1.0322312116622925,2e-05,0.6651785969734192,1.0376185178756714
32,0.6571817398071289,1.0262426137924194,2e-05,0.6629464030265808,1.0319708585739136
33,0.6591345071792603,1.0204497575759888,2e-05,0.6640625,1.0295437574386597
34,0.6602154970169067,1.0142556428909302,2e-05,0.66796875,1.0235456228256226
35,0.6628656983375549,1.0067238807678223,2e-05,0.6690848469734192,1.0118499994277954
36,0.6647835969924927,1.002364158630371,2e-05,0.6629464030265808,1.0230255126953125
37,0.6652020812034607,0.9986182451248169,2e-05,0.6648995280265808,1.0183693170547485
38,0.6697004437446594,0.9943405985832214,2e-05,0.6668526530265808,1.0094447135925293
39,0.666387677192688,0.9891096353530884,2e-05,0.6710379719734192,1.0054807662963867
40,0.6707116961479187,0.9827829599380493,2e-05,0.6654576063156128,1.0036834478378296
41,0.6722809076309204,0.978877067565918,2e-05,0.6676897406578064,1.0009794235229492
42,0.6736757755279541,0.9756032824516296,2e-05,0.6724330186843872,1.0080146789550781
43,0.6733619570732117,0.9750577807426453,2e-05,0.662109375,1.0242127180099487
44,0.6732224225997925,0.9715672135353088,2e-05,0.6668526530265808,1.0036847591400146
45,0.6741988062858582,0.9636960625648499,2e-05,0.673828125,1.0088403224945068
46,0.6732921600341797,0.9609740972518921,2e-05,0.662109375,1.0001375675201416
47,0.6789064407348633,0.9573865532875061,2e-05,0.6696428656578064,1.0048766136169434
48,0.6743034720420837,0.9570083022117615,2e-05,0.6623883843421936,1.0104272365570068
49,0.6744429469108582,0.9607487916946411,2e-05,0.6760602593421936,0.9898391366004944
50,0.6788018345832825,0.953620195388794,2e-05,0.6657366156578064,1.0021790266036987
51,0.6842765808105469,0.9398125410079956,2e-05,0.6702008843421936,1.0074158906936646
52,0.6790807843208313,0.9459658861160278,2e-05,0.6732701063156128,1.002350926399231
53,0.6818355917930603,0.9475461840629578,2e-05,0.6766182780265808,0.988630473613739
54,0.6819751262664795,0.9410975575447083,2e-05,0.6752232313156128,1.0035604238510132
55,0.683056116104126,0.9452075362205505,2e-05,0.6682477593421936,1.0088229179382324
56,0.6845904588699341,0.9349837899208069,2e-05,0.6727120280265808,0.9944993853569031
57,0.68357914686203,0.934464693069458,2e-05,0.6729910969734192,1.0160528421401978
58,0.6830212473869324,0.9343888163566589,2e-05,0.6755022406578064,0.9814759492874146
59,0.689332902431488,0.930474579334259,2e-05,0.669921875,0.9930844902992249
60,0.6920528411865234,0.9131295084953308,4e-06,0.6727120280265808,0.9817875623703003
61,0.6931687593460083,0.9120832681655884,4e-06,0.6702008843421936,0.9832558035850525
62,0.6929246187210083,0.9083960652351379,4e-06,0.6671317219734192,0.9839121103286743
63,0.6958886981010437,0.9067955017089844,4e-06,0.6749442219734192,0.9831648468971252
64,0.6960979104042053,0.9024773240089417,4e-06,0.6749442219734192,0.9815859794616699
65,0.6997244954109192,0.9002315998077393,4e-06,0.6741071343421936,0.9808873534202576
66,0.6980855464935303,0.9042859077453613,8e-07,0.6704798936843872,0.9829651117324829
67,0.699654757976532,0.899878740310669,8e-07,0.6704798936843872,0.9839295744895935
68,0.6996896266937256,0.8977106809616089,8e-07,0.6710379719734192,0.9837067723274231
69,0.6968302130699158,0.9004161357879639,8e-07,0.671875,0.9861541986465454
70,0.6973533034324646,0.8994778990745544,8e-07,0.6721540093421936,0.984473705291748
71,0.700596272945404,0.8981148600578308,8e-07,0.6749442219734192,0.9844607710838318
72,0.6996198892593384,0.8952957391738892,1.6e-07,0.6729910969734192,0.9838961958885193
73,0.700247585773468,0.8946284651756287,1.6e-07,0.6735491156578064,0.9842404723167419
74,0.7003173232078552,0.8930095434188843,1.6e-07,0.6721540093421936,0.984394371509552
75,0.7018516659736633,0.8952832221984863,1.6e-07,0.6729910969734192,0.9838293194770813
76,0.6987481117248535,0.8945859670639038,1.6e-07,0.6735491156578064,0.9830135703086853
77,0.7025490999221802,0.8925790786743164,1.6e-07,0.6729910969734192,0.9828687906265259
78,0.6985040307044983,0.8927363157272339,3.2e-08,0.6724330186843872,0.983673632144928
79,0.699898898601532,0.8938808441162109,3.2e-08,0.6727120280265808,0.983566164970398
80,0.6992014646530151,0.8927857875823975,3.2e-08,0.6732701063156128,0.9837120771408081
81,0.7006660103797913,0.894767701625824,3.2e-08,0.6727120280265808,0.9834065437316895
82,0.6969348192214966,0.8947017192840576,3.2e-08,0.6727120280265808,0.9835378527641296
83,0.6982948184013367,0.8972244262695312,3.2e-08,0.6735491156578064,0.9832662343978882
84,0.6978763341903687,0.8999273777008057,6.3999996e-09,0.6729910969734192,0.9836668968200684
85,0.6983645558357239,0.8962077498435974,6.3999996e-09,0.6729910969734192,0.9841160178184509
86,0.7021306157112122,0.8949967622756958,6.3999996e-09,0.6729910969734192,0.9834285378456116
87,0.7023398280143738,0.8882860541343689,6.3999996e-09,0.6729910969734192,0.9840775728225708
88,0.7003870606422424,0.8915059566497803,6.3999996e-09,0.6727120280265808,0.9833170175552368
89,0.6998291015625,0.8938259482383728,6.3999996e-09,0.6729910969734192,0.983843207359314
90,0.702828049659729,0.892327606678009,1.2799999e-09,0.6724330186843872,0.9839560389518738
91,0.6979460716247559,0.8939028978347778,1.2799999e-09,0.6729910969734192,0.9833717346191406
92,0.6995850205421448,0.8914451599121094,1.2799999e-09,0.6729910969734192,0.9834952354431152
93,0.7000383734703064,0.8918787837028503,1.2799999e-09,0.6727120280265808,0.9831845164299011
94,0.6989922523498535,0.8934546709060669,1.2799999e-09,0.6729910969734192,0.9828699827194214
95,0.6989573240280151,0.8956187963485718,1.2799999e-09,0.6727120280265808,0.9831780791282654
96,0.6977368593215942,0.8980263471603394,2.5599997e-10,0.6729910969734192,0.9839059710502625
97,0.6998291015625,0.8941068649291992,2.5599997e-10,0.6727120280265808,0.983436107635498
98,0.6988875865936279,0.896079421043396,2.5599997e-10,0.6727120280265808,0.9837864637374878
99,0.6997244954109192,0.8966974020004272,2.5599997e-10,0.6727120280265808,0.9835231900215149
100,0.7024444937705994,0.8924563527107239,2.5599997e-10,0.6729910969734192,0.9839679002761841
101,0.7023746967315674,0.8889005184173584,2.5599997e-10,0.6729910969734192,0.9838389754295349
102,0.6965512633323669,0.8977781534194946,5.1199996e-11,0.6729910969734192,0.9836035370826721
103,0.6990619897842407,0.8944605588912964,5.1199996e-11,0.6732701063156128,0.9831734299659729
104,0.6970394253730774,0.8967633843421936,5.1199996e-11,0.6727120280265808,0.984225332736969
105,0.6988875865936279,0.8957046270370483,5.1199996e-11,0.6732701063156128,0.9836485981941223
106,0.703002393245697,0.8937845826148987,5.1199996e-11,0.6732701063156128,0.9836220741271973
107,0.7013634443283081,0.8953987956047058,5.1199996e-11,0.6732701063156128,0.9839487075805664
108,0.6981902122497559,0.8916412591934204,1.0239999e-11,0.6724330186843872,0.9834458231925964
109,0.7036300897598267,0.8881499171257019,1.0239999e-11,0.6724330186843872,0.9836340546607971
110,0.7012937068939209,0.8936280012130737,1.0239999e-11,0.6732701063156128,0.984041154384613
111,0.7018865346908569,0.8888438940048218,1.0239999e-11,0.6735491156578064,0.9836149215698242
112,0.6984691619873047,0.8961673378944397,1.0239999e-11,0.6729910969734192,0.9837282299995422
113,0.6973533034324646,0.8962571024894714,1.0239999e-11,0.6729910969734192,0.9832109212875366
114,0.6959235668182373,0.8959160447120667,2.0479998e-12,0.6732701063156128,0.9835787415504456
115,0.697074294090271,0.8956406712532043,2.0479998e-12,0.6729910969734192,0.9833418130874634
116,0.6988178491592407,0.8970745801925659,2.0479998e-12,0.6727120280265808,0.9834876656532288
117,0.6986435055732727,0.8947908878326416,2.0479998e-12,0.6727120280265808,0.9835375547409058
118,0.6993409395217896,0.8888451457023621,2.0479998e-12,0.6732701063156128,0.9835811853408813
119,0.7026188373565674,0.8896798491477966,2.0479998e-12,0.6724330186843872,0.9834633469581604
120,0.7013634443283081,0.8925107717514038,4.0959995e-13,0.6735491156578064,0.9834931492805481
121,0.6994455456733704,0.8954328894615173,4.0959995e-13,0.6732701063156128,0.9833753705024719
122,0.7017121911048889,0.8888264298439026,4.0959995e-13,0.6732701063156128,0.9834510087966919
123,0.702653706073761,0.886427640914917,4.0959995e-13,0.6727120280265808,0.984345018863678
124,0.7018516659736633,0.8898964524269104,4.0959995e-13,0.6732701063156128,0.9832878708839417
125,0.7002127170562744,0.8912724852561951,4.0959995e-13,0.6729910969734192,0.9840427041053772
126,0.6988527178764343,0.8943110108375549,8.191999e-14,0.6735491156578064,0.9833642840385437
127,0.7003521919250488,0.8919670581817627,8.191999e-14,0.6732701063156128,0.9838742613792419
128,0.7038393020629883,0.8911254405975342,8.191999e-14,0.6735491156578064,0.9835399985313416
129,0.7008055448532104,0.8910552859306335,8.191999e-14,0.6729910969734192,0.9832543730735779
130,0.699654757976532,0.8949966430664062,8.191999e-14,0.6729910969734192,0.9838137030601501
131,0.6993758082389832,0.8917778134346008,8.191999e-14,0.6724330186843872,0.9833628535270691
132,0.6984342932701111,0.8963192701339722,1.6383999e-14,0.6729910969734192,0.9835902452468872
133,0.702235221862793,0.895031750202179,1.6383999e-14,0.6732701063156128,0.9839983582496643
134,0.699306070804596,0.8942589163780212,1.6383999e-14,0.6724330186843872,0.9836001396179199
135,0.6996198892593384,0.8883087635040283,1.6383999e-14,0.6729910969734192,0.9838913083076477
136,0.6975276470184326,0.898300051689148,1.6383999e-14,0.6732701063156128,0.9836128354072571
137,0.7020957469940186,0.8924013376235962,1.6383999e-14,0.6729910969734192,0.9839041829109192
138,0.7035254836082458,0.8890044689178467,3.2768e-15,0.6729910969734192,0.9837861657142639
139,0.6998291015625,0.8928359150886536,3.2768e-15,0.6729910969734192,0.9835677146911621
140,0.6971789002418518,0.8969078660011292,3.2768e-15,0.6729910969734192,0.9839974045753479
141,0.7003870606422424,0.8903537392616272,3.2768e-15,0.6729910969734192,0.9834108948707581
142,0.6965163946151733,0.8989258408546448,3.2768e-15,0.6732701063156128,0.9832718968391418
143,0.6992363333702087,0.8938043117523193,3.2768e-15,0.6729910969734192,0.9844176173210144
144,0.697492778301239,0.8945317268371582,6.5536e-16,0.6729910969734192,0.9838517904281616
145,0.6983296871185303,0.8921647071838379,6.5536e-16,0.6727120280265808,0.9840994477272034
146,0.7027234435081482,0.8902599215507507,6.5536e-16,0.6727120280265808,0.9839573502540588
147,0.7007358074188232,0.8902889490127563,6.5536e-16,0.6735491156578064,0.9832537770271301
148,0.7012588381767273,0.8927214741706848,6.5536e-16,0.6735491156578064,0.983317494392395
149,0.700421929359436,0.893940806388855,6.5536e-16,0.6732701063156128,0.9831949472427368
